<?xml version="1.0" encoding="UTF-8"?>
<!-- Generated by org.testng.reporters.JUnitReportReporter -->
<testsuite skipped="0" hostname="DESKTOP-TLBTJMO" name="SeleniumFrameworkMay2022.pageObject.HomePageTest" tests="2" failures="0" timestamp="2022-06-08T12:08:30 CDT" time="25.064" errors="0">
  <testcase name="testHomepage" time="11.177" classname="SeleniumFrameworkMay2022.pageObject.HomePageTest"/>
  <system-out/>
  <testcase name="testDropDownValues" time="13.887" classname="SeleniumFrameworkMay2022.pageObject.HomePageTest"/>
  <system-out/>
</testsuite> <!-- SeleniumFrameworkMay2022.pageObject.HomePageTest -->
