<?xml version="1.0" encoding="UTF-8"?>
<!-- Generated by org.testng.reporters.JUnitReportReporter -->
<testsuite skipped="0" hostname="DESKTOP-TLBTJMO" name="signinTest" tests="1" failures="0" timestamp="2022-06-09T11:19:56 CDT" time="0.000" errors="0">
  <testcase name="f" time="0.000" classname="signinTest"/>
  <system-out/>
</testsuite> <!-- signinTest -->
